{"/jenkins/workspace/_cells-demo-dropdown-menu_master/CLIENT_SOLUTIONS/RETAIL_CUSTOMERS/GloMo/Components/cells-demo-dropdown-menu/master/cells-demo-dropdown-menu.js": {"path":"/jenkins/workspace/_cells-demo-dropdown-menu_master/CLIENT_SOLUTIONS/RETAIL_CUSTOMERS/GloMo/Components/cells-demo-dropdown-menu/master/cells-demo-dropdown-menu.js","statementMap":{"0":{"start":{"line":10,"column":4},"end":{"line":10,"column":38}},"1":{"start":{"line":14,"column":4},"end":{"line":65,"column":6}},"2":{"start":{"line":62,"column":10},"end":{"line":62,"column":38}},"3":{"start":{"line":68,"column":0},"end":{"line":68,"column":71}}},"fnMap":{"0":{"name":"(anonymous_0)","decl":{"start":{"line":9,"column":2},"end":{"line":9,"column":3}},"loc":{"start":{"line":9,"column":18},"end":{"line":11,"column":3}},"line":9},"1":{"name":"(anonymous_1)","decl":{"start":{"line":13,"column":2},"end":{"line":13,"column":3}},"loc":{"start":{"line":13,"column":26},"end":{"line":66,"column":3}},"line":13},"2":{"name":"(anonymous_2)","decl":{"start":{"line":61,"column":15},"end":{"line":61,"column":16}},"loc":{"start":{"line":61,"column":26},"end":{"line":63,"column":9}},"line":61}},"branchMap":{},"s":{"0":6,"1":2,"2":16,"3":2},"f":{"0":6,"1":2,"2":16},"b":{},"_coverageSchema":"43e27e138ebf9cfc5966b082cf9a028302ed4184","hash":"0924e459d0027a39168bd23bec7a5f03f8e62421"}
}
