{"/home/jenkins/agent/workspace/cells-state-behavior_release_1.0/Components/cells-state-behavior/release-1.0/cells-state-behavior.html": {"path":"/home/jenkins/agent/workspace/cells-state-behavior_release_1.0/Components/cells-state-behavior/release-1.0/cells-state-behavior.html","statementMap":{"0":{"start":{"line":9,"column":2},"end":{"line":9,"column":54}},"1":{"start":{"line":11,"column":2},"end":{"line":82,"column":4}},"2":{"start":{"line":11,"column":52},"end":{"line":82,"column":3}},"3":{"start":{"line":14,"column":6},"end":{"line":19,"column":8}},"4":{"start":{"line":17,"column":24},"end":{"line":17,"column":26}},"5":{"start":{"line":29,"column":6},"end":{"line":35,"column":7}},"6":{"start":{"line":30,"column":8},"end":{"line":30,"column":53}},"7":{"start":{"line":31,"column":13},"end":{"line":35,"column":7}},"8":{"start":{"line":32,"column":8},"end":{"line":32,"column":55}},"9":{"start":{"line":34,"column":8},"end":{"line":34,"column":65}},"10":{"start":{"line":42,"column":20},"end":{"line":42,"column":50}},"11":{"start":{"line":43,"column":6},"end":{"line":45,"column":9}},"12":{"start":{"line":44,"column":8},"end":{"line":44,"column":57}},"13":{"start":{"line":46,"column":6},"end":{"line":46,"column":19}},"14":{"start":{"line":53,"column":6},"end":{"line":53,"column":16}},"15":{"start":{"line":58,"column":6},"end":{"line":60,"column":7}},"16":{"start":{"line":59,"column":8},"end":{"line":59,"column":22}},"17":{"start":{"line":61,"column":6},"end":{"line":63,"column":7}},"18":{"start":{"line":62,"column":8},"end":{"line":62,"column":29}},"19":{"start":{"line":64,"column":6},"end":{"line":64,"column":39}},"20":{"start":{"line":71,"column":6},"end":{"line":71,"column":69}},"21":{"start":{"line":78,"column":6},"end":{"line":80,"column":9}},"22":{"start":{"line":79,"column":8},"end":{"line":79,"column":39}}},"fnMap":{"0":{"name":"(anonymous_0)","decl":{"start":{"line":11,"column":38},"end":{"line":11,"column":39}},"loc":{"start":{"line":11,"column":52},"end":{"line":82,"column":3}},"line":11},"1":{"name":"(anonymous_1)","decl":{"start":{"line":13,"column":4},"end":{"line":13,"column":5}},"loc":{"start":{"line":13,"column":28},"end":{"line":20,"column":5}},"line":13},"2":{"name":"(anonymous_2)","decl":{"start":{"line":17,"column":17},"end":{"line":17,"column":18}},"loc":{"start":{"line":17,"column":24},"end":{"line":17,"column":26}},"line":17},"3":{"name":"(anonymous_3)","decl":{"start":{"line":28,"column":4},"end":{"line":28,"column":5}},"loc":{"start":{"line":28,"column":19},"end":{"line":36,"column":5}},"line":28},"4":{"name":"(anonymous_4)","decl":{"start":{"line":41,"column":4},"end":{"line":41,"column":5}},"loc":{"start":{"line":41,"column":24},"end":{"line":47,"column":5}},"line":41},"5":{"name":"(anonymous_5)","decl":{"start":{"line":43,"column":31},"end":{"line":43,"column":32}},"loc":{"start":{"line":43,"column":39},"end":{"line":45,"column":7}},"line":43},"6":{"name":"(anonymous_6)","decl":{"start":{"line":52,"column":4},"end":{"line":52,"column":5}},"loc":{"start":{"line":52,"column":26},"end":{"line":54,"column":5}},"line":52},"7":{"name":"(anonymous_7)","decl":{"start":{"line":56,"column":4},"end":{"line":56,"column":5}},"loc":{"start":{"line":56,"column":31},"end":{"line":65,"column":5}},"line":56},"8":{"name":"(anonymous_8)","decl":{"start":{"line":70,"column":4},"end":{"line":70,"column":5}},"loc":{"start":{"line":70,"column":18},"end":{"line":72,"column":5}},"line":70},"9":{"name":"(anonymous_9)","decl":{"start":{"line":77,"column":4},"end":{"line":77,"column":5}},"loc":{"start":{"line":77,"column":25},"end":{"line":81,"column":5}},"line":77},"10":{"name":"(anonymous_10)","decl":{"start":{"line":78,"column":39},"end":{"line":78,"column":40}},"loc":{"start":{"line":78,"column":47},"end":{"line":80,"column":7}},"line":78}},"branchMap":{"0":{"loc":{"start":{"line":9,"column":26},"end":{"line":9,"column":53}},"type":"binary-expr","locations":[{"start":{"line":9,"column":26},"end":{"line":9,"column":47}},{"start":{"line":9,"column":51},"end":{"line":9,"column":53}}],"line":9},"1":{"loc":{"start":{"line":29,"column":6},"end":{"line":35,"column":7}},"type":"if","locations":[{"start":{"line":29,"column":6},"end":{"line":35,"column":7}},{"start":{"line":29,"column":6},"end":{"line":35,"column":7}}],"line":29},"2":{"loc":{"start":{"line":31,"column":13},"end":{"line":35,"column":7}},"type":"if","locations":[{"start":{"line":31,"column":13},"end":{"line":35,"column":7}},{"start":{"line":31,"column":13},"end":{"line":35,"column":7}}],"line":31},"3":{"loc":{"start":{"line":58,"column":6},"end":{"line":60,"column":7}},"type":"if","locations":[{"start":{"line":58,"column":6},"end":{"line":60,"column":7}},{"start":{"line":58,"column":6},"end":{"line":60,"column":7}}],"line":58},"4":{"loc":{"start":{"line":58,"column":10},"end":{"line":58,"column":91}},"type":"binary-expr","locations":[{"start":{"line":58,"column":10},"end":{"line":58,"column":37}},{"start":{"line":58,"column":41},"end":{"line":58,"column":63}},{"start":{"line":58,"column":67},"end":{"line":58,"column":91}}],"line":58},"5":{"loc":{"start":{"line":61,"column":6},"end":{"line":63,"column":7}},"type":"if","locations":[{"start":{"line":61,"column":6},"end":{"line":63,"column":7}},{"start":{"line":61,"column":6},"end":{"line":63,"column":7}}],"line":61}},"s":{"0":2,"1":2,"2":2,"3":2,"4":24,"5":26,"6":16,"7":10,"8":4,"9":6,"10":18,"11":18,"12":22,"13":18,"14":6,"15":22,"16":14,"17":8,"18":0,"19":8,"20":46,"21":2,"22":4},"f":{"0":2,"1":2,"2":24,"3":26,"4":18,"5":22,"6":6,"7":22,"8":46,"9":2,"10":4},"b":{"0":[2,2],"1":[16,10],"2":[4,6],"3":[14,8],"4":[22,8,8],"5":[0,8]},"_coverageSchema":"43e27e138ebf9cfc5966b082cf9a028302ed4184","hash":"e2204081f2b71f2577a72d3500ce1e033eae78c2"}
}
