TN:
SF:/home/jenkins/agent/workspace/cells-state-behavior_release_1.0/Components/cells-state-behavior/release-1.0/cells-state-behavior.html
FN:11,(anonymous_0)
FN:13,(anonymous_1)
FN:17,(anonymous_2)
FN:28,(anonymous_3)
FN:41,(anonymous_4)
FN:43,(anonymous_5)
FN:52,(anonymous_6)
FN:56,(anonymous_7)
FN:70,(anonymous_8)
FN:77,(anonymous_9)
FN:78,(anonymous_10)
FNF:11
FNH:11
FNDA:2,(anonymous_0)
FNDA:2,(anonymous_1)
FNDA:24,(anonymous_2)
FNDA:26,(anonymous_3)
FNDA:18,(anonymous_4)
FNDA:22,(anonymous_5)
FNDA:6,(anonymous_6)
FNDA:22,(anonymous_7)
FNDA:46,(anonymous_8)
FNDA:2,(anonymous_9)
FNDA:4,(anonymous_10)
DA:9,2
DA:11,2
DA:14,2
DA:17,24
DA:29,26
DA:30,16
DA:31,10
DA:32,4
DA:34,6
DA:42,18
DA:43,18
DA:44,22
DA:46,18
DA:53,6
DA:58,22
DA:59,14
DA:61,8
DA:62,0
DA:64,8
DA:71,46
DA:78,2
DA:79,4
LF:22
LH:21
BRDA:9,0,0,2
BRDA:9,0,1,2
BRDA:29,1,0,16
BRDA:29,1,1,10
BRDA:31,2,0,4
BRDA:31,2,1,6
BRDA:58,3,0,14
BRDA:58,3,1,8
BRDA:58,4,0,22
BRDA:58,4,1,8
BRDA:58,4,2,8
BRDA:61,5,0,0
BRDA:61,5,1,8
BRF:13
BRH:12
end_of_record
